<?xml version="1.0" encoding="UTF-8"?>
<!-- Generated by org.testng.reporters.JUnitXMLReporter -->
<testsuite ignored="0" hostname="Jyotheeswar-PC" failures="1" tests="3" name="MyTest" time="164.94" errors="0" timestamp="2024-03-01T15:10:37 IST">
  <testcase classname="Boxon.Saas.TestAdditionaladdress" name="@AfterTest teardown" time="-1.709286037696E9">
    <failure type="org.testng.TestNGException" message="
Can inject only one of &amp;lt;ITestContext, XmlTest&amp;gt; into a @AfterTest annotated teardown.
For more information on native dependency injection please refer to https://testng.org/doc/documentation-main.html#native-dependency-injection">
      <![CDATA[org.testng.TestNGException: 
Can inject only one of <ITestContext, XmlTest> into a @AfterTest annotated teardown.
For more information on native dependency injection please refer to https://testng.org/doc/documentation-main.html#native-dependency-injection
... Removed 21 stack frames]]>
    </failure>
  </testcase> <!-- @AfterTest teardown -->
  <testcase classname="Boxon.Saas.TestAdditionaladdress" name="Thirdyparty" time="33.73">
    <failure type="org.openqa.selenium.NoSuchElementException" message="Cannot locate option with text: TIRUPATI
For documentation on this error, please visit: https://www.selenium.dev/documentation/webdriver/troubleshooting/errors#no-such-element-exception
Build info: version: &amp;apos;4.12.1&amp;apos;, revision: &amp;apos;8e34639b11&amp;apos;
System info: os.name: &amp;apos;Windows 10&amp;apos;, os.arch: &amp;apos;amd64&amp;apos;, os.version: &amp;apos;10.0&amp;apos;, java.version: &amp;apos;18.0.2&amp;apos;
Driver info: driver.version: unknown">
      <![CDATA[org.openqa.selenium.NoSuchElementException: Cannot locate option with text: TIRUPATI
For documentation on this error, please visit: https://www.selenium.dev/documentation/webdriver/troubleshooting/errors#no-such-element-exception
Build info: version: '4.12.1', revision: '8e34639b11'
System info: os.name: 'Windows 10', os.arch: 'amd64', os.version: '10.0', java.version: '18.0.2'
Driver info: driver.version: unknown
at org.openqa.selenium.support.ui.Select.selectByVisibleText(Select.java:153)
at Boxon.Saas.TestAdditionaladdress.Thirdyparty(TestAdditionaladdress.java:177)
at java.base/java.util.ArrayList.forEach(ArrayList.java:1511)
... Removed 25 stack frames]]>
    </failure>
  </testcase> <!-- Thirdyparty -->
  <testcase classname="Boxon.Saas.TestAdditionaladdress" name="consingnee" time="42.504"/>
  <testcase classname="Boxon.Saas.TestAdditionaladdress" name="shipper" time="43.654"/>
</testsuite> <!-- MyTest -->
